Importer Log Report
Document: C:\Users\ACER\Documents\GitHub\Low-power-ecg\lp_ecg.kicad_pcb
    Section : Analyze Document from - C:\Users\ACER\Documents\GitHub\Low-power-ecg\lp_ecg.kicad_pcb
        Error: Cannot build line from node 'fp_line' because layer is undefined.
        Error: Cannot build line from node 'fp_line' because layer is undefined.
        Error: Cannot build line from node 'fp_line' because layer is undefined.
        Error: Cannot build line from node 'fp_line' because layer is undefined.
        Error: Cannot build line from node 'fp_line' because layer is undefined.
        Error: Cannot build line from node 'fp_line' because layer is undefined.
        Error: Cannot build line from node 'fp_line' because layer is undefined.
        Error: Cannot build line from node 'fp_line' because layer is undefined.
        Error: Cannot build line from node 'fp_line' because layer is undefined.
        Error: Cannot build line from node 'fp_line' because layer is undefined.
        Error: Cannot build line from node 'fp_line' because layer is undefined.
        Error: Cannot build line from node 'fp_line' because layer is undefined.
        Error: Cannot build line from node 'fp_line' because layer is undefined.
        Error: Cannot build line from node 'fp_line' because layer is undefined.
        Error: Cannot build line from node 'fp_line' because layer is undefined.
        Error: Cannot build line from node 'fp_line' because layer is undefined.
        Error: Cannot build line from node 'fp_line' because layer is undefined.
        Error: Cannot build line from node 'fp_line' because layer is undefined.
        Error: Cannot build line from node 'fp_line' because layer is undefined.
        Error: Cannot build line from node 'fp_line' because layer is undefined.
        Error: Cannot build line from node 'fp_line' because layer is undefined.
        Error: Cannot build line from node 'fp_line' because layer is undefined.
        Error: Cannot build line from node 'fp_line' because layer is undefined.
        Error: Cannot build line from node 'fp_line' because layer is undefined.
        Error: Cannot build line from node 'fp_line' because layer is undefined.
        Error: Cannot build line from node 'fp_line' because layer is undefined.
        Error: Cannot build line from node 'fp_line' because layer is undefined.
        Error: Cannot build line from node 'fp_line' because layer is undefined.
        Error: Cannot build line from node 'fp_line' because layer is undefined.
        Error: Cannot build line from node 'fp_line' because layer is undefined.
        Error: Cannot build line from node 'fp_line' because layer is undefined.
        Error: Cannot build line from node 'fp_line' because layer is undefined.
        Error: Cannot build line from node 'fp_line' because layer is undefined.
        Error: Cannot build line from node 'fp_line' because layer is undefined.
        Error: Cannot build line from node 'fp_line' because layer is undefined.
        Error: Cannot build line from node 'fp_line' because layer is undefined.
        Error: Cannot build line from node 'fp_line' because layer is undefined.
        Error: Cannot build line from node 'fp_line' because layer is undefined.
        Error: Cannot build line from node 'fp_line' because layer is undefined.
        Error: Cannot build line from node 'fp_line' because layer is undefined.
        Error: Cannot build line from node 'fp_line' because layer is undefined.
        Error: Cannot build line from node 'fp_line' because layer is undefined.
        Error: Cannot build line from node 'fp_line' because layer is undefined.
        Error: Cannot build line from node 'fp_line' because layer is undefined.
        Error: Cannot build line from node 'fp_line' because layer is undefined.
        Error: Cannot build line from node 'fp_line' because layer is undefined.
        Error: Cannot build line from node 'fp_line' because layer is undefined.
        Error: Cannot build line from node 'fp_line' because layer is undefined.
        Error: Cannot build line from node 'fp_line' because layer is undefined.
        Error: Cannot build line from node 'fp_line' because layer is undefined.
        Error: Cannot build line from node 'fp_line' because layer is undefined.
        Error: Cannot build line from node 'fp_line' because layer is undefined.
        Error: Cannot build line from node 'fp_line' because layer is undefined.
        Error: Cannot build line from node 'fp_line' because layer is undefined.
        Error: Cannot build line from node 'fp_line' because layer is undefined.
        Error: Cannot build line from node 'fp_line' because layer is undefined.
        Error: Cannot build line from node 'fp_line' because layer is undefined.
        Error: Cannot build line from node 'fp_line' because layer is undefined.
        Error: Cannot build line from node 'fp_line' because layer is undefined.
        Error: Cannot build line from node 'fp_line' because layer is undefined.
        Error: Cannot build line from node 'fp_line' because layer is undefined.
        Error: Cannot build line from node 'fp_line' because layer is undefined.
        Error: Cannot build line from node 'fp_line' because layer is undefined.
        Error: Cannot build line from node 'fp_line' because layer is undefined.
        Error: Cannot build line from node 'fp_line' because layer is undefined.
        Error: Cannot build line from node 'fp_line' because layer is undefined.
        Error: Cannot build line from node 'fp_line' because layer is undefined.
        Error: Cannot build line from node 'fp_line' because layer is undefined.
        Error: Cannot build line from node 'fp_line' because layer is undefined.
        Error: Cannot build line from node 'fp_line' because layer is undefined.
        Error: Cannot build line from node 'fp_line' because layer is undefined.
        Error: Cannot build line from node 'fp_line' because layer is undefined.
        Error: Cannot build line from node 'fp_line' because layer is undefined.
        Error: Cannot build line from node 'fp_line' because layer is undefined.
        Error: Cannot build line from node 'fp_line' because layer is undefined.
        Error: Cannot build line from node 'fp_line' because layer is undefined.
        Error: Cannot build line from node 'fp_line' because layer is undefined.
        Error: Cannot build line from node 'fp_line' because layer is undefined.
        Error: Cannot build line from node 'fp_line' because layer is undefined.
        Error: Cannot build line from node 'fp_line' because layer is undefined.
        Error: Cannot build line from node 'fp_line' because layer is undefined.
        Error: Cannot build line from node 'fp_line' because layer is undefined.
        Error: Cannot build line from node 'fp_line' because layer is undefined.
        Error: Cannot build line from node 'fp_line' because layer is undefined.
        Error: Cannot build line from node 'fp_line' because layer is undefined.
        Error: Cannot build line from node 'fp_line' because layer is undefined.
        Error: Cannot build line from node 'fp_line' because layer is undefined.
        Error: Cannot build line from node 'fp_line' because layer is undefined.
        Error: Cannot build line from node 'fp_line' because layer is undefined.
        Error: Cannot build line from node 'fp_line' because layer is undefined.
        Error: Cannot build line from node 'fp_line' because layer is undefined.
        Error: Cannot build line from node 'fp_line' because layer is undefined.
        Error: Cannot build line from node 'fp_line' because layer is undefined.
        Error: Cannot build line from node 'fp_line' because layer is undefined.
        Error: Cannot build line from node 'fp_line' because layer is undefined.
        Error: Cannot build line from node 'fp_line' because layer is undefined.
        Error: Cannot build line from node 'fp_line' because layer is undefined.
        Error: Cannot build line from node 'fp_line' because layer is undefined.
        Error: Cannot build line from node 'fp_line' because layer is undefined.
        Error: Cannot build line from node 'fp_line' because layer is undefined.
        Error: Cannot build line from node 'fp_line' because layer is undefined.
        Error: Cannot build line from node 'fp_line' because layer is undefined.
        Error: Cannot build line from node 'fp_line' because layer is undefined.
        Error: Cannot build line from node 'fp_line' because layer is undefined.
        Error: Cannot build line from node 'fp_line' because layer is undefined.
        Error: Cannot build line from node 'fp_line' because layer is undefined.
        Error: Cannot build line from node 'fp_line' because layer is undefined.
        Error: Cannot build line from node 'fp_line' because layer is undefined.
        Error: Cannot build line from node 'fp_line' because layer is undefined.
        Error: Cannot build line from node 'fp_line' because layer is undefined.
        Error: Cannot build line from node 'fp_line' because layer is undefined.
        Error: Cannot build line from node 'fp_line' because layer is undefined.
        Error: Cannot build line from node 'fp_line' because layer is undefined.
        Error: Cannot build line from node 'fp_line' because layer is undefined.
        Error: Cannot build line from node 'fp_line' because layer is undefined.
        Error: Cannot build line from node 'fp_line' because layer is undefined.
        Error: Cannot build line from node 'fp_line' because layer is undefined.
        Error: Cannot build line from node 'fp_line' because layer is undefined.
        Error: Cannot build line from node 'fp_line' because layer is undefined.
        Error: Cannot build line from node 'fp_line' because layer is undefined.
        Error: Cannot build line from node 'fp_line' because layer is undefined.
        Error: Cannot build line from node 'fp_line' because layer is undefined.
        Error: Cannot build line from node 'fp_line' because layer is undefined.
        Error: Cannot build line from node 'fp_line' because layer is undefined.
        Error: Cannot build line from node 'fp_line' because layer is undefined.
        Error: Cannot build line from node 'fp_line' because layer is undefined.
        Error: Cannot build line from node 'fp_line' because layer is undefined.
        Error: Cannot build line from node 'fp_line' because layer is undefined.
        Error: Cannot build line from node 'fp_line' because layer is undefined.
        Error: Cannot build line from node 'fp_line' because layer is undefined.
        Error: Cannot build line from node 'fp_line' because layer is undefined.
        Error: Cannot build line from node 'fp_line' because layer is undefined.
        Error: Cannot build line from node 'fp_line' because layer is undefined.
        Error: Cannot build line from node 'fp_line' because layer is undefined.
        Error: Cannot build line from node 'fp_line' because layer is undefined.
        Error: Cannot build line from node 'fp_line' because layer is undefined.
        Error: Cannot build line from node 'fp_line' because layer is undefined.
        Error: Cannot build line from node 'fp_line' because layer is undefined.
        Error: Cannot build line from node 'fp_line' because layer is undefined.
        Error: Cannot build line from node 'fp_line' because layer is undefined.
        Error: Cannot build line from node 'fp_line' because layer is undefined.
        Error: Cannot build line from node 'fp_line' because layer is undefined.
        Error: Cannot build line from node 'fp_line' because layer is undefined.
        Error: Cannot build line from node 'fp_line' because layer is undefined.
        Error: Cannot build line from node 'fp_line' because layer is undefined.
        Error: Cannot build line from node 'fp_line' because layer is undefined.
        Error: Cannot build line from node 'fp_line' because layer is undefined.
    EndSection
    Section : Import Document - C:\Users\ACER\Documents\GitHub\Low-power-ecg\Imported lp_ecg\lp_ecg.PcbDoc
        Section : Component J1 importing.
        EndSection
        Section : Component C15 importing.
        EndSection
        Section : Component C14 importing.
        EndSection
        Section : Component C13 importing.
        EndSection
        Section : Component C12 importing.
        EndSection
        Section : Component C11 importing.
        EndSection
        Section : Component C10 importing.
        EndSection
        Section : Component C9 importing.
        EndSection
        Section : Component C8 importing.
        EndSection
        Section : Component C7 importing.
        EndSection
        Section : Component C6 importing.
        EndSection
        Section : Component C4 importing.
        EndSection
        Section : Component IC1 importing.
        EndSection
        Section : Component C1 importing.
        EndSection
        Section : Component C2 importing.
        EndSection
        Section : Component U2 importing.
        EndSection
        Section : Component C5 importing.
        EndSection
        Section : Component C3 importing.
        EndSection
        Section : Component P3 importing.
        EndSection
        Section : Component R5 importing.
        EndSection
        Section : Component D4 importing.
        EndSection
        Section : Component C18 importing.
        EndSection
        Section : Component R10 importing.
        EndSection
        Section : Component C16 importing.
        EndSection
        Section : Component R9 importing.
        EndSection
        Section : Component C17 importing.
        EndSection
        Section : Component D3 importing.
        EndSection
        Section : Component C22 importing.
        EndSection
        Section : Component R7 importing.
        EndSection
        Section : Component C21 importing.
        EndSection
        Section : Component F1 importing.
        EndSection
        Section : Component C34 importing.
        EndSection
        Section : Component C33 importing.
        EndSection
        Section : Component P2 importing.
        EndSection
        Section : Component D2 importing.
        EndSection
        Section : Component D1 importing.
        EndSection
        Section : Component P1 importing.
        EndSection
        Section : Component L4 importing.
        EndSection
        Section : Component X1 importing.
        EndSection
        Section : Component C28 importing.
        EndSection
        Section : Component C26 importing.
        EndSection
        Section : Component C24 importing.
        EndSection
        Section : Component C25 importing.
        EndSection
        Section : Component C29 importing.
        EndSection
        Section : Component A1 importing.
        EndSection
        Section : Component L6 importing.
        EndSection
        Section : Component L5 importing.
        EndSection
        Section : Component C30 importing.
        EndSection
        Section : Component L3 importing.
        EndSection
        Section : Component C23 importing.
        EndSection
        Section : Component U3 importing.
        EndSection
        Section : Component X2 importing.
        EndSection
        Section : Component U6 importing.
        EndSection
        Section : Component Q1 importing.
        EndSection
        Section : Component L2 importing.
        EndSection
        Section : Component R1 importing.
        EndSection
        Section : Component R2 importing.
        EndSection
        Section : Component IC2 importing.
        EndSection
        Section : Component X3 importing.
        EndSection
        Section : Component SW1 importing.
        EndSection
    EndSection
